<?xml version="1.0" encoding="UTF-8"?>
<!-- Generated by org.testng.reporters.JUnitXMLReporter -->
<testsuite hostname="Stepa-PC" ignored="0" name="QA" tests="4" failures="0" timestamp="17 Apr 2017 21:47:07 GMT" time="67.094" errors="0">
  <testcase name="Test_2" time="25.541" classname="TestScript.TC_2"/>
  <testcase name="Test_1" time="10.125" classname="TestScript.TC_1"/>
  <testcase name="Test_9" time="10.187" classname="TestScript.TC_9"/>
  <testcase name="Test_2" time="21.204" classname="TestScript.TC_8"/>
</testsuite> <!-- QA -->
