<?xml version="1.0" encoding="UTF-8"?>
<testng-results skipped="0" failed="1" ignored="0" total="1" passed="0">
  <reporter-output>
  </reporter-output>
  <suite name="Default suite" duration-ms="20656" started-at="2017-04-19T06:26:18Z" finished-at="2017-04-19T06:26:38Z">
    <groups>
    </groups>
    <test name="Default test" duration-ms="20656" started-at="2017-04-19T06:26:18Z" finished-at="2017-04-19T06:26:38Z">
      <class name="TestsPckgOne.TC_8">
        <test-method status="FAIL" signature="Test_8()[pri:0, instance:TestsPckgOne.TC_8@cc285f4]" name="Test_8" duration-ms="20606" started-at="2017-04-18T23:26:18Z" finished-at="2017-04-18T23:26:38Z">
          <exception class="org.openqa.selenium.WebDriverException">
            <message>
              <![CDATA[Failed to decode response from marionette
Build info: version: 'unknown', revision: '5234b32', time: '2017-03-10 09:00:17 -0800'
System info: host: 'STEPA-PC', ip: '192.168.0.5', os.name: 'Windows 7', os.arch: 'amd64', os.version: '6.1', java.version: '1.8.0_112'
Driver info: org.openqa.selenium.firefox.FirefoxDriver
Capabilities [{rotatable=false, raisesAccessibilityExceptions=false, appBuildId=20160922113459, version=49.0.1, platform=XP, proxy={}, command_id=1, specificationLevel=0, acceptSslCerts=false, processId=3360, browserVersion=49.0.1, platformVersion=6.1, XULappId={ec8030f7-c20a-464f-9b0e-13a3a9e97384}, browserName=firefox, takesScreenshot=true, takesElementScreenshot=true, platformName=windows_nt, device=desktop}]
Session ID: 62413b5a-b71a-402e-8a79-70d7a9497ad3
*** Element info: {Using=xpath, value=/html/body/div[4]/div[3]/div/div/div[2]/div[2]/div[2]/div[2]/div[1]/button[1]}]]>
            </message>
            <full-stacktrace>
              <![CDATA[org.openqa.selenium.WebDriverException: Failed to decode response from marionette
Build info: version: 'unknown', revision: '5234b32', time: '2017-03-10 09:00:17 -0800'
System info: host: 'STEPA-PC', ip: '192.168.0.5', os.name: 'Windows 7', os.arch: 'amd64', os.version: '6.1', java.version: '1.8.0_112'
Driver info: org.openqa.selenium.firefox.FirefoxDriver
Capabilities [{rotatable=false, raisesAccessibilityExceptions=false, appBuildId=20160922113459, version=49.0.1, platform=XP, proxy={}, command_id=1, specificationLevel=0, acceptSslCerts=false, processId=3360, browserVersion=49.0.1, platformVersion=6.1, XULappId={ec8030f7-c20a-464f-9b0e-13a3a9e97384}, browserName=firefox, takesScreenshot=true, takesElementScreenshot=true, platformName=windows_nt, device=desktop}]
Session ID: 62413b5a-b71a-402e-8a79-70d7a9497ad3
*** Element info: {Using=xpath, value=/html/body/div[4]/div[3]/div/div/div[2]/div[2]/div[2]/div[2]/div[1]/button[1]}
	at sun.reflect.NativeConstructorAccessorImpl.newInstance0(Native Method)
	at sun.reflect.NativeConstructorAccessorImpl.newInstance(Unknown Source)
	at sun.reflect.DelegatingConstructorAccessorImpl.newInstance(Unknown Source)
	at java.lang.reflect.Constructor.newInstance(Unknown Source)
	at org.openqa.selenium.remote.http.W3CHttpResponseCodec.createException(W3CHttpResponseCodec.java:133)
	at org.openqa.selenium.remote.http.W3CHttpResponseCodec.decode(W3CHttpResponseCodec.java:99)
	at org.openqa.selenium.remote.http.W3CHttpResponseCodec.decode(W3CHttpResponseCodec.java:43)
	at org.openqa.selenium.remote.HttpCommandExecutor.execute(HttpCommandExecutor.java:163)
	at org.openqa.selenium.remote.service.DriverCommandExecutor.execute(DriverCommandExecutor.java:82)
	at org.openqa.selenium.remote.RemoteWebDriver.execute(RemoteWebDriver.java:604)
	at org.openqa.selenium.remote.RemoteWebDriver.findElement(RemoteWebDriver.java:371)
	at org.openqa.selenium.remote.RemoteWebDriver.findElementByXPath(RemoteWebDriver.java:476)
	at org.openqa.selenium.By$ByXPath.findElement(By.java:361)
	at org.openqa.selenium.remote.RemoteWebDriver.findElement(RemoteWebDriver.java:363)
	at TestsPckgOne.TC_8.Test_8(TC_8.java:58)
	at sun.reflect.NativeMethodAccessorImpl.invoke0(Native Method)
	at sun.reflect.NativeMethodAccessorImpl.invoke(Unknown Source)
	at sun.reflect.DelegatingMethodAccessorImpl.invoke(Unknown Source)
	at java.lang.reflect.Method.invoke(Unknown Source)
	at org.testng.internal.MethodInvocationHelper.invokeMethod(MethodInvocationHelper.java:108)
	at org.testng.internal.Invoker.invokeMethod(Invoker.java:661)
	at org.testng.internal.Invoker.invokeTestMethod(Invoker.java:869)
	at org.testng.internal.Invoker.invokeTestMethods(Invoker.java:1193)
	at org.testng.internal.TestMethodWorker.invokeTestMethods(TestMethodWorker.java:126)
	at org.testng.internal.TestMethodWorker.run(TestMethodWorker.java:109)
	at org.testng.TestRunner.privateRun(TestRunner.java:744)
	at org.testng.TestRunner.run(TestRunner.java:602)
	at org.testng.SuiteRunner.runTest(SuiteRunner.java:380)
	at org.testng.SuiteRunner.runSequentially(SuiteRunner.java:375)
	at org.testng.SuiteRunner.privateRun(SuiteRunner.java:340)
	at org.testng.SuiteRunner.run(SuiteRunner.java:289)
	at org.testng.SuiteRunnerWorker.runSuite(SuiteRunnerWorker.java:52)
	at org.testng.SuiteRunnerWorker.run(SuiteRunnerWorker.java:86)
	at org.testng.TestNG.runSuitesSequentially(TestNG.java:1301)
	at org.testng.TestNG.runSuitesLocally(TestNG.java:1226)
	at org.testng.TestNG.runSuites(TestNG.java:1144)
	at org.testng.TestNG.run(TestNG.java:1115)
	at org.testng.remote.AbstractRemoteTestNG.run(AbstractRemoteTestNG.java:132)
	at org.testng.remote.RemoteTestNG.initAndRun(RemoteTestNG.java:230)
	at org.testng.remote.RemoteTestNG.main(RemoteTestNG.java:76)
]]>
            </full-stacktrace>
          </exception> <!-- org.openqa.selenium.WebDriverException -->
          <reporter-output>
          </reporter-output>
        </test-method> <!-- Test_8 -->
      </class> <!-- TestsPckgOne.TC_8 -->
    </test> <!-- Default test -->
  </suite> <!-- Default suite -->
</testng-results>
