<?xml version="1.0" encoding="UTF-8"?>
<!-- Generated by org.testng.reporters.JUnitXMLReporter -->
<testsuite hostname="Stepa-PC" ignored="0" name="Report Test" tests="11" failures="0" timestamp="17 Apr 2017 22:20:29 GMT" time="156.152" errors="0">
  <testcase name="Test_1" time="11.776" classname="TestScript.TC_1"/>
  <testcase name="Test_2" time="25.624" classname="TestScript.TC_2"/>
  <testcase name="Test_3" time="11.166" classname="TestScript.TC_3"/>
  <testcase name="Test_4" time="10.391" classname="TestScript.TC_4"/>
  <testcase name="Test_5" time="12.501" classname="TestScript.TC_5"/>
  <testcase name="Test_6" time="19.32" classname="TestScript.TC_6"/>
  <testcase name="Test_2" time="21.263" classname="TestScript.TC_8"/>
  <testcase name="Test_2" time="10.303" classname="TestScript.TC_7"/>
  <testcase name="Test_9" time="9.634" classname="TestScript.TC_9"/>
  <testcase name="Test_10" time="9.979" classname="TestScript.TC_10"/>
  <testcase name="Test_11" time="14.134" classname="TestScript.TC_11"/>
</testsuite> <!-- Report Test -->
